C:\Program Files (x86)\Microsoft Visual Studio\2019\Community\MSBuild\Microsoft\VC\v160\Microsoft.CppBuild.targets(513,5): warning MSB8028: El directorio intermedio (Debug\) contiene archivos compartidos de otro proyecto (sesion7.vcxproj, sesion8.vcxproj, sesion9.vcxproj). Esto puede dar lugar a un comportamiento incorrecto de limpieza y recompilación.
  base_final.cpp
C:\Users\zange\OneDrive\Escritorio\LabGrafica\Proyecto CGeIHC\Proyecto CGeIHC\Window.h(12,36): warning C4244: 'return': conversión de 'GLint' a 'GLfloat'; posible pérdida de datos
C:\Users\zange\OneDrive\Escritorio\LabGrafica\Proyecto CGeIHC\Proyecto CGeIHC\Window.h(13,37): warning C4244: 'return': conversión de 'GLint' a 'GLfloat'; posible pérdida de datos
C:\Users\zange\OneDrive\Escritorio\LabGrafica\Proyecto CGeIHC\Proyecto CGeIHC\base_final.cpp(364,15): warning C4244: 'inicializando': conversión de 'double' a 'GLfloat'; posible pérdida de datos
  Camera.cpp
  DirectionalLight.cpp
C:\Users\zange\OneDrive\Escritorio\LabGrafica\Proyecto CGeIHC\Proyecto CGeIHC\DirectionalLight.cpp(18,14): warning C4244: 'argumento': conversión de 'GLfloat' a 'GLint'; posible pérdida de datos
C:\Users\zange\OneDrive\Escritorio\LabGrafica\Proyecto CGeIHC\Proyecto CGeIHC\DirectionalLight.cpp(19,14): warning C4244: 'argumento': conversión de 'GLfloat' a 'GLint'; posible pérdida de datos
C:\Users\zange\OneDrive\Escritorio\LabGrafica\Proyecto CGeIHC\Proyecto CGeIHC\DirectionalLight.cpp(21,14): warning C4244: 'argumento': conversión de 'GLfloat' a 'GLint'; posible pérdida de datos
C:\Users\zange\OneDrive\Escritorio\LabGrafica\Proyecto CGeIHC\Proyecto CGeIHC\DirectionalLight.cpp(22,14): warning C4244: 'argumento': conversión de 'GLfloat' a 'GLint'; posible pérdida de datos
  Light.cpp
  Material.cpp
  Mesh_tn.cpp
  Model.cpp
C:\Users\zange\OneDrive\Escritorio\LabGrafica\Proyecto CGeIHC\Proyecto CGeIHC\Model.cpp(16,10): warning C4477: 'printf' : la cadena de formato '%s' requiere un argumento de tipo 'char *', pero el argumento variádico 1 tiene el tipo 'const std::string'
C:\Users\zange\OneDrive\Escritorio\LabGrafica\Proyecto CGeIHC\Proyecto CGeIHC\Model.cpp(16,80): warning C4474: "printf": se pasaron demasiados argumentos para la cadena de formato
C:\Users\zange\OneDrive\Escritorio\LabGrafica\Proyecto CGeIHC\Proyecto CGeIHC\Model.cpp(16,80): message : los marcadores de posición y sus parámetros esperan 1 argumentos variádicos, pero se proporcionaron 2
C:\Users\zange\OneDrive\Escritorio\LabGrafica\Proyecto CGeIHC\Proyecto CGeIHC\Model.cpp(51,7): warning C4804: '<': uso no seguro del tipo 'bool' en la operación
C:\Users\zange\OneDrive\Escritorio\LabGrafica\Proyecto CGeIHC\Proyecto CGeIHC\Model.cpp(51,21): warning C4018: '<': no coinciden signed/unsigned
C:\Users\zange\OneDrive\Escritorio\LabGrafica\Proyecto CGeIHC\Proyecto CGeIHC\Model.cpp(138,14): warning C4477: 'printf' : la cadena de formato '%s' requiere un argumento de tipo 'char *', pero el argumento variádico 1 tiene el tipo 'std::string'
C:\Users\zange\OneDrive\Escritorio\LabGrafica\Proyecto CGeIHC\Proyecto CGeIHC\Model.cpp(147,14): warning C4477: 'printf' : la cadena de formato '%s' requiere un argumento de tipo 'char *', pero el argumento variádico 1 tiene el tipo 'std::string'
  PointLight.cpp
C:\Users\zange\OneDrive\Escritorio\LabGrafica\Proyecto CGeIHC\Proyecto CGeIHC\PointLight.cpp(28,14): warning C4244: 'argumento': conversión de 'GLfloat' a 'GLint'; posible pérdida de datos
C:\Users\zange\OneDrive\Escritorio\LabGrafica\Proyecto CGeIHC\Proyecto CGeIHC\PointLight.cpp(29,14): warning C4244: 'argumento': conversión de 'GLfloat' a 'GLint'; posible pérdida de datos
C:\Users\zange\OneDrive\Escritorio\LabGrafica\Proyecto CGeIHC\Proyecto CGeIHC\PointLight.cpp(30,14): warning C4244: 'argumento': conversión de 'GLfloat' a 'GLint'; posible pérdida de datos
C:\Users\zange\OneDrive\Escritorio\LabGrafica\Proyecto CGeIHC\Proyecto CGeIHC\PointLight.cpp(32,14): warning C4244: 'argumento': conversión de 'GLfloat' a 'GLint'; posible pérdida de datos
C:\Users\zange\OneDrive\Escritorio\LabGrafica\Proyecto CGeIHC\Proyecto CGeIHC\PointLight.cpp(33,14): warning C4244: 'argumento': conversión de 'GLfloat' a 'GLint'; posible pérdida de datos
C:\Users\zange\OneDrive\Escritorio\LabGrafica\Proyecto CGeIHC\Proyecto CGeIHC\PointLight.cpp(34,14): warning C4244: 'argumento': conversión de 'GLfloat' a 'GLint'; posible pérdida de datos
C:\Users\zange\OneDrive\Escritorio\LabGrafica\Proyecto CGeIHC\Proyecto CGeIHC\PointLight.cpp(35,14): warning C4244: 'argumento': conversión de 'GLfloat' a 'GLint'; posible pérdida de datos
  Shader_light.cpp
C:\Users\zange\OneDrive\Escritorio\LabGrafica\Proyecto CGeIHC\Proyecto CGeIHC\Shader_light.cpp(202,75): warning C4244: 'argumento': conversión de 'GLuint' a 'GLfloat'; posible pérdida de datos
C:\Users\zange\OneDrive\Escritorio\LabGrafica\Proyecto CGeIHC\Proyecto CGeIHC\Shader_light.cpp(202,26): warning C4244: 'argumento': conversión de 'GLuint' a 'GLfloat'; posible pérdida de datos
C:\Users\zange\OneDrive\Escritorio\LabGrafica\Proyecto CGeIHC\Proyecto CGeIHC\Shader_light.cpp(201,91): warning C4244: 'argumento': conversión de 'GLuint' a 'GLfloat'; posible pérdida de datos
C:\Users\zange\OneDrive\Escritorio\LabGrafica\Proyecto CGeIHC\Proyecto CGeIHC\Shader_light.cpp(201,42): warning C4244: 'argumento': conversión de 'GLuint' a 'GLfloat'; posible pérdida de datos
C:\Users\zange\OneDrive\Escritorio\LabGrafica\Proyecto CGeIHC\Proyecto CGeIHC\Shader_light.cpp(215,98): warning C4244: 'argumento': conversión de 'GLuint' a 'GLfloat'; posible pérdida de datos
C:\Users\zange\OneDrive\Escritorio\LabGrafica\Proyecto CGeIHC\Proyecto CGeIHC\Shader_light.cpp(215,62): warning C4244: 'argumento': conversión de 'GLuint' a 'GLfloat'; posible pérdida de datos
C:\Users\zange\OneDrive\Escritorio\LabGrafica\Proyecto CGeIHC\Proyecto CGeIHC\Shader_light.cpp(215,24): warning C4244: 'argumento': conversión de 'GLuint' a 'GLfloat'; posible pérdida de datos
C:\Users\zange\OneDrive\Escritorio\LabGrafica\Proyecto CGeIHC\Proyecto CGeIHC\Shader_light.cpp(214,70): warning C4244: 'argumento': conversión de 'GLuint' a 'GLfloat'; posible pérdida de datos
C:\Users\zange\OneDrive\Escritorio\LabGrafica\Proyecto CGeIHC\Proyecto CGeIHC\Shader_light.cpp(214,24): warning C4244: 'argumento': conversión de 'GLuint' a 'GLfloat'; posible pérdida de datos
C:\Users\zange\OneDrive\Escritorio\LabGrafica\Proyecto CGeIHC\Proyecto CGeIHC\Shader_light.cpp(213,88): warning C4244: 'argumento': conversión de 'GLuint' a 'GLfloat'; posible pérdida de datos
C:\Users\zange\OneDrive\Escritorio\LabGrafica\Proyecto CGeIHC\Proyecto CGeIHC\Shader_light.cpp(213,42): warning C4244: 'argumento': conversión de 'GLuint' a 'GLfloat'; posible pérdida de datos
  Skybox.cpp
  Sphere.cpp
C:\Users\zange\OneDrive\Escritorio\LabGrafica\Proyecto CGeIHC\Proyecto CGeIHC\Sphere.cpp(39,13): warning C4244: 'inicializando': conversión de 'double' a 'float'; posible pérdida de datos
C:\Users\zange\OneDrive\Escritorio\LabGrafica\Proyecto CGeIHC\Proyecto CGeIHC\Sphere.cpp(43,16): warning C4244: 'inicializando': conversión de 'double' a 'float'; posible pérdida de datos
  SpotLight.cpp
  Texture.cpp
  Window.cpp
C:\Users\zange\OneDrive\Escritorio\LabGrafica\Proyecto CGeIHC\Proyecto CGeIHC\Window.h(12,36): warning C4244: 'return': conversión de 'GLint' a 'GLfloat'; posible pérdida de datos
C:\Users\zange\OneDrive\Escritorio\LabGrafica\Proyecto CGeIHC\Proyecto CGeIHC\Window.h(13,37): warning C4244: 'return': conversión de 'GLint' a 'GLfloat'; posible pérdida de datos
C:\Users\zange\OneDrive\Escritorio\LabGrafica\Proyecto CGeIHC\Proyecto CGeIHC\Window.cpp(177,22): warning C4244: '=': conversión de 'double' a 'GLfloat'; posible pérdida de datos
C:\Users\zange\OneDrive\Escritorio\LabGrafica\Proyecto CGeIHC\Proyecto CGeIHC\Window.cpp(178,22): warning C4244: '=': conversión de 'double' a 'GLfloat'; posible pérdida de datos
C:\Users\zange\OneDrive\Escritorio\LabGrafica\Proyecto CGeIHC\Proyecto CGeIHC\Window.cpp(182,28): warning C4244: '=': conversión de 'double' a 'GLfloat'; posible pérdida de datos
C:\Users\zange\OneDrive\Escritorio\LabGrafica\Proyecto CGeIHC\Proyecto CGeIHC\Window.cpp(183,40): warning C4244: '=': conversión de 'double' a 'GLfloat'; posible pérdida de datos
C:\Users\zange\OneDrive\Escritorio\LabGrafica\Proyecto CGeIHC\Proyecto CGeIHC\Window.cpp(185,21): warning C4244: '=': conversión de 'double' a 'GLfloat'; posible pérdida de datos
C:\Users\zange\OneDrive\Escritorio\LabGrafica\Proyecto CGeIHC\Proyecto CGeIHC\Window.cpp(186,21): warning C4244: '=': conversión de 'double' a 'GLfloat'; posible pérdida de datos
  Generando código...
C:\Users\zange\OneDrive\Escritorio\LabGrafica\Proyecto CGeIHC\Proyecto CGeIHC\Window.cpp(80): warning C4715: 'Window::Initialise': no todas las rutas de acceso de control devuelven un valor
LINK : warning LNK4098: la biblioteca predeterminada'MSVCRT' entra en conflicto con otras bibliotecas; use la biblioteca /NODEFAULTLIB:biblioteca
  Proyecto CGeIHC.vcxproj -> C:\Users\zange\OneDrive\Escritorio\LabGrafica\Proyecto CGeIHC\Debug\Proyecto CGeIHC.exe
